Flutter crash report; please file at https://github.com/flutter/flutter/issues.

## command

flutter --no-color run --machine --track-widget-creation --device-id=8abebe32 lib\main.dart

## exception

ArgumentError: Invalid argument(s): Cannot find executable for C:\Development\flutter\bin\cache\dart-sdk\bin\dart.exe.

```
#0      _getExecutable (package:process/src/interface/local_process_manager.dart:127:5)
#1      LocalProcessManager.start (package:process/src/interface/local_process_manager.dart:43:30)
#2      DefaultResidentCompiler._compile (package:flutter_tools/src/compile.dart:693:36)
#3      DefaultResidentCompiler._recompile (package:flutter_tools/src/compile.dart:601:14)
#4      _RecompileRequest._run (package:flutter_tools/src/compile.dart:415:16)
#5      _CompilationRequest.run (package:flutter_tools/src/compile.dart:395:30)
#6      DefaultResidentCompiler._handleCompilationRequest (package:flutter_tools/src/compile.dart:634:23)
#7      _rootRunUnary (dart:async/zone.dart:1134:38)
#8      _CustomZone.runUnary (dart:async/zone.dart:1031:19)
#9      _CustomZone.runUnaryGuarded (dart:async/zone.dart:933:7)
#10     _BufferingStreamSubscription._sendData (dart:async/stream_impl.dart:338:11)
#11     _DelayedData.perform (dart:async/stream_impl.dart:593:14)
#12     _StreamImplEvents.handleNext (dart:async/stream_impl.dart:709:11)
#13     _PendingEvents.schedule.<anonymous closure> (dart:async/stream_impl.dart:669:7)
#14     _rootRun (dart:async/zone.dart:1122:38)
#15     _CustomZone.run (dart:async/zone.dart:1023:19)
#16     _CustomZone.runGuarded (dart:async/zone.dart:925:7)
#17     _CustomZone.bindCallbackGuarded.<anonymous closure> (dart:async/zone.dart:965:23)
#18     _rootRun (dart:async/zone.dart:1126:13)
#19     _CustomZone.run (dart:async/zone.dart:1023:19)
#20     _CustomZone.runGuarded (dart:async/zone.dart:925:7)
#21     _CustomZone.bindCallbackGuarded.<anonymous closure> (dart:async/zone.dart:965:23)
#22     _microtaskLoop (dart:async/schedule_microtask.dart:43:21)
#23     _startMicrotaskLoop (dart:async/schedule_microtask.dart:52:5)
#24     _runPendingImmediateCallback (dart:isolate-patch/isolate_patch.dart:118:13)
#25     _RawReceivePortImpl._handleMessage (dart:isolate-patch/isolate_patch.dart:175:5)
```

## flutter doctor

```
[✓] Flutter (Channel stable, v1.12.13+hotfix.8, on Microsoft Windows [Version 10.0.18362.720], locale en-IN)
    • Flutter version 1.12.13+hotfix.8 at C:\Development\flutter
    • Framework revision 0b8abb4724 (6 weeks ago), 2020-02-11 11:44:36 -0800
    • Engine revision e1e6ced81d
    • Dart version 2.7.0

[✓] Android toolchain - develop for Android devices (Android SDK version 29.0.3)
    • Android SDK at C:/Users/risha/AppData/Local/Android/Sdk
    • Android NDK location not configured (optional; useful for native profiling support)
    • Platform android-29, build-tools 29.0.3
    • ANDROID_HOME = C:/Users/risha/AppData/Local/Android/Sdk
    • Java binary at: C:\Program Files\Android\Android Studio\jre\bin\java
    • Java version OpenJDK Runtime Environment (build 1.8.0_212-release-1586-b04)
    • All Android licenses accepted.

[✓] Android Studio (version 3.6)
    • Android Studio at C:\Program Files\Android\Android Studio
    • Flutter plugin version 44.0.2
    • Dart plugin version 192.7761
    • Java version OpenJDK Runtime Environment (build 1.8.0_212-release-1586-b04)

[✓] Connected device (1 available)
    • ONEPLUS A6000 • 8abebe32 • android-arm64 • Android 10 (API 29)

• No issues found!
```
